platforms/android/CordovaLib/build/outputs/logs/manifest-merger-debug-report.txt
-- Merging decision tree log ---
manifest
ADDED from android\CordovaLib\AndroidManifest.xml:20:1-23:12
INJECTED from android\CordovaLib\AndroidManifest.xml:20:1-23:12
	package
		INJECTED from android\CordovaLib\AndroidManifest.xml
	android:versionName
		ADDED from android\CordovaLib\AndroidManifest.xml:21:3-28
	xmlns:android
		ADDED from android\CordovaLib\AndroidManifest.xml:20:11-69
	android:versionCode
		ADDED from android\CordovaLib\AndroidManifest.xml:22:3-26
uses-sdk
INJECTED from android\CordovaLib\AndroidManifest.xml reason: use-sdk injection requested
INJECTED from android\CordovaLib\AndroidManifest.xml
INJECTED from android\CordovaLib\AndroidManifest.xml
	android:targetSdkVersion
		INJECTED from android\CordovaLib\AndroidManifest.xml
	android:minSdkVersion
		INJECTED from android\CordovaLib\AndroidManifest.xml